<?xml version="1.0" encoding="UTF-8"?>
<!-- Generated by org.testng.reporters.JUnitXMLReporter -->
<testsuite ignored="0" hostname="LAPTOP-UG5S8S2B" failures="1" tests="1" name="Titel Validation" time="21.859" errors="0" timestamp="2021-03-03T09:55:23 IST">
  <testcase classname="Academy.validatTitle" name="assertTitle" time="0.352">
    <failure type="java.lang.AssertionError" message="expected [FEATURED Course] but found [FEATURED COURSES]">
      <![CDATA[java.lang.AssertionError: expected [FEATURED Course] but found [FEATURED COURSES]
at Academy.validatTitle.assertTitle(validatTitle.java:32)
at java.base/java.util.ArrayList.forEach(ArrayList.java:1510)
at java.base/java.util.concurrent.FutureTask.run(FutureTask.java:264)
at java.base/java.util.concurrent.ThreadPoolExecutor.runWorker(ThreadPoolExecutor.java:1130)
at java.base/java.util.concurrent.ThreadPoolExecutor$Worker.run(ThreadPoolExecutor.java:630)
at java.base/java.lang.Thread.run(Thread.java:832)
... Removed 23 stack frames]]>
    </failure>
  </testcase> <!-- assertTitle -->
</testsuite> <!-- Titel Validation -->
