<?xml version="1.0" encoding="UTF-8"?>
<testng-results ignored="0" total="5" passed="5" failed="0" skipped="0">
  <reporter-output>
  </reporter-output>
  <suite started-at="2021-03-09T10:00:03 IST" name="Suite" finished-at="2021-03-09T10:00:37 IST" duration-ms="34287">
    <groups>
    </groups>
    <test started-at="2021-03-09T10:00:03 IST" name="Test" finished-at="2021-03-09T10:00:03 IST" duration-ms="9">
    </test> <!-- Test -->
    <test started-at="2021-03-09T10:00:03 IST" name="Titel Validation" finished-at="2021-03-09T10:00:27 IST" duration-ms="23739">
      <class name="Academy.validatTitle">
        <test-method is-config="true" signature="initBrowser()[pri:0, instance:Academy.validatTitle@4097cac]" started-at="2021-03-09T10:00:03 IST" name="initBrowser" finished-at="2021-03-09T10:00:25 IST" duration-ms="22219" status="PASS">
          <reporter-output>
          </reporter-output>
        </test-method> <!-- initBrowser -->
        <test-method signature="assertTitle()[pri:0, instance:Academy.validatTitle@4097cac]" started-at="2021-03-09T10:00:25 IST" name="assertTitle" finished-at="2021-03-09T10:00:26 IST" duration-ms="350" status="PASS">
          <reporter-output>
          </reporter-output>
        </test-method> <!-- assertTitle -->
        <test-method signature="assertInfo()[pri:1, instance:Academy.validatTitle@4097cac]" started-at="2021-03-09T10:00:26 IST" name="assertInfo" finished-at="2021-03-09T10:00:26 IST" duration-ms="190" status="PASS">
          <reporter-output>
          </reporter-output>
        </test-method> <!-- assertInfo -->
        <test-method is-config="true" signature="teardown()[pri:0, instance:Academy.validatTitle@4097cac]" started-at="2021-03-09T10:00:26 IST" name="teardown" finished-at="2021-03-09T10:00:27 IST" duration-ms="952" status="PASS">
          <reporter-output>
          </reporter-output>
        </test-method> <!-- teardown -->
      </class> <!-- Academy.validatTitle -->
    </test> <!-- Titel Validation -->
    <test started-at="2021-03-09T10:00:03 IST" name="Navigation Bar Validation" finished-at="2021-03-09T10:00:29 IST" duration-ms="26167">
      <class name="Academy.validatNavbar">
        <test-method is-config="true" signature="initBrowser()[pri:0, instance:Academy.validatNavbar@5ddea849]" started-at="2021-03-09T10:00:03 IST" name="initBrowser" finished-at="2021-03-09T10:00:27 IST" duration-ms="23586" status="PASS">
          <reporter-output>
          </reporter-output>
        </test-method> <!-- initBrowser -->
        <test-method signature="assertNavbar()[pri:0, instance:Academy.validatNavbar@5ddea849]" started-at="2021-03-09T10:00:27 IST" name="assertNavbar" finished-at="2021-03-09T10:00:27 IST" duration-ms="476" status="PASS">
          <reporter-output>
          </reporter-output>
        </test-method> <!-- assertNavbar -->
        <test-method is-config="true" signature="teardown()[pri:0, instance:Academy.validatNavbar@5ddea849]" started-at="2021-03-09T10:00:27 IST" name="teardown" finished-at="2021-03-09T10:00:29 IST" duration-ms="2096" status="PASS">
          <reporter-output>
          </reporter-output>
        </test-method> <!-- teardown -->
      </class> <!-- Academy.validatNavbar -->
    </test> <!-- Navigation Bar Validation -->
    <test started-at="2021-03-09T10:00:03 IST" name="Homepage Validation" finished-at="2021-03-09T10:00:37 IST" duration-ms="34287">
      <class name="Academy.HomePage">
        <test-method is-config="true" signature="initBrowser()[pri:0, instance:Academy.HomePage@2e9fda69]" started-at="2021-03-09T10:00:03 IST" name="initBrowser" finished-at="2021-03-09T10:00:07 IST" duration-ms="4267" status="PASS">
          <reporter-output>
          </reporter-output>
        </test-method> <!-- initBrowser -->
        <test-method signature="basePagnavigation(java.lang.String, java.lang.String)[pri:0, instance:Academy.HomePage@2e9fda69]" started-at="2021-03-09T10:00:07 IST" name="basePagnavigation" data-provider="getData" finished-at="2021-03-09T10:00:31 IST" duration-ms="24157" status="PASS">
          <params>
            <param index="0">
              <value>
                <![CDATA[nonrestricted user@qws.in]]>
              </value>
            </param>
            <param index="1">
              <value>
                <![CDATA[123456]]>
              </value>
            </param>
          </params>
          <reporter-output>
          </reporter-output>
        </test-method> <!-- basePagnavigation -->
        <test-method signature="basePagnavigation(java.lang.String, java.lang.String)[pri:0, instance:Academy.HomePage@2e9fda69]" started-at="2021-03-09T10:00:31 IST" name="basePagnavigation" data-provider="getData" finished-at="2021-03-09T10:00:37 IST" duration-ms="5632" status="PASS">
          <params>
            <param index="0">
              <value>
                <![CDATA[restricteduser@qas.in]]>
              </value>
            </param>
            <param index="1">
              <value>
                <![CDATA[pass@123]]>
              </value>
            </param>
          </params>
          <reporter-output>
          </reporter-output>
        </test-method> <!-- basePagnavigation -->
        <test-method is-config="true" signature="teardown()[pri:0, instance:Academy.HomePage@2e9fda69]" started-at="2021-03-09T10:00:37 IST" name="teardown" finished-at="2021-03-09T10:00:37 IST" duration-ms="158" status="PASS">
          <reporter-output>
          </reporter-output>
        </test-method> <!-- teardown -->
      </class> <!-- Academy.HomePage -->
    </test> <!-- Homepage Validation -->
  </suite> <!-- Suite -->
</testng-results>
