<?xml version="1.0" encoding="UTF-8"?>
<testng-results ignored="0" total="2" passed="2" failed="0" skipped="0">
  <reporter-output>
  </reporter-output>
  <suite started-at="2021-03-31T23:55:48 IST" name="Default suite" finished-at="2021-03-31T23:56:23 IST" duration-ms="35362">
    <groups>
    </groups>
    <test started-at="2021-03-31T23:55:48 IST" name="Default test" finished-at="2021-03-31T23:56:23 IST" duration-ms="35362">
      <class name="Academy.HomePage">
        <test-method is-config="true" signature="initBrowser()[pri:0, instance:Academy.HomePage@2654635]" started-at="2021-03-31T23:55:48 IST" name="initBrowser" finished-at="2021-03-31T23:55:59 IST" duration-ms="11278" status="PASS">
          <reporter-output>
          </reporter-output>
        </test-method> <!-- initBrowser -->
        <test-method signature="basePagnavigation(java.lang.String, java.lang.String)[pri:0, instance:Academy.HomePage@2654635]" started-at="2021-03-31T23:55:59 IST" name="basePagnavigation" data-provider="getData" finished-at="2021-03-31T23:56:16 IST" duration-ms="17151" status="PASS">
          <params>
            <param index="0">
              <value>
                <![CDATA[nonrestricted user@qws.in]]>
              </value>
            </param>
            <param index="1">
              <value>
                <![CDATA[123456]]>
              </value>
            </param>
          </params>
          <reporter-output>
          </reporter-output>
        </test-method> <!-- basePagnavigation -->
        <test-method signature="basePagnavigation(java.lang.String, java.lang.String)[pri:0, instance:Academy.HomePage@2654635]" started-at="2021-03-31T23:56:16 IST" name="basePagnavigation" data-provider="getData" finished-at="2021-03-31T23:56:23 IST" duration-ms="6665" status="PASS">
          <params>
            <param index="0">
              <value>
                <![CDATA[restricteduser@qas.in]]>
              </value>
            </param>
            <param index="1">
              <value>
                <![CDATA[pass@123]]>
              </value>
            </param>
          </params>
          <reporter-output>
          </reporter-output>
        </test-method> <!-- basePagnavigation -->
        <test-method is-config="true" signature="teardown()[pri:0, instance:Academy.HomePage@2654635]" started-at="2021-03-31T23:56:23 IST" name="teardown" finished-at="2021-03-31T23:56:23 IST" duration-ms="192" status="PASS">
          <reporter-output>
          </reporter-output>
        </test-method> <!-- teardown -->
      </class> <!-- Academy.HomePage -->
    </test> <!-- Default test -->
  </suite> <!-- Default suite -->
</testng-results>
